<?xml version="1.0" encoding="UTF-8"?>
<!-- Generated by org.testng.reporters.JUnitReportReporter -->
<testsuite hostname="DESKTOP-O76PJ26" failures="0" tests="1" name="Appium.Activity1Calculator" time="31.188" errors="0" timestamp="2021-08-06T13:02:58 IST" skipped="0">
  <testcase classname="Appium.Activity1Calculator" name="calc" time="31.188"/>
</testsuite> <!-- Appium.Activity1Calculator -->
