<?xml version="1.0" encoding="UTF-8"?>
<!-- Generated by org.testng.reporters.JUnitReportReporter -->
<testsuite hostname="DESKTOP-O76PJ26" failures="0" tests="4" name="Appium.Activity3" time="15.803" errors="0" timestamp="2021-08-09T12:42:27 IST" skipped="0">
  <testcase classname="Appium.Activity3" name="subtract" time="3.621"/>
  <testcase classname="Appium.Activity3" name="add" time="3.545"/>
  <testcase classname="Appium.Activity3" name="multiply" time="4.403"/>
  <testcase classname="Appium.Activity3" name="divide" time="4.234"/>
</testsuite> <!-- Appium.Activity3 -->
