<?xml version="1.0" encoding="UTF-8"?>
<!-- Generated by org.testng.reporters.JUnitReportReporter -->
<testsuite hostname="DESKTOP-O76PJ26" failures="0" tests="1" name="suiteJB.JobBoardActivity1" time="7.380" errors="0" timestamp="2021-07-27T12:54:54 IST" skipped="0">
  <testcase classname="suiteJB.JobBoardActivity1" name="verifyWebsiteTitle" time="7.380"/>
  <system-out/>
</testsuite> <!-- suiteJB.JobBoardActivity1 -->
