<?xml version="1.0" encoding="UTF-8"?>
<!-- Generated by org.testng.reporters.JUnitReportReporter -->
<testsuite hostname="DESKTOP-O76PJ26" failures="0" tests="1" name="suiteJB.JobBoardActivity5" time="7.282" errors="0" timestamp="2021-07-28T12:03:46 IST" skipped="0">
  <testcase classname="suiteJB.JobBoardActivity5" name="navigateToJobs" time="7.282"/>
  <system-out/>
</testsuite> <!-- suiteJB.JobBoardActivity5 -->
