<?xml version="1.0" encoding="UTF-8"?>
<!-- Generated by org.testng.reporters.JUnitReportReporter -->
<testsuite hostname="DESKTOP-O76PJ26" failures="0" tests="1" name="suiteJB.JobBoardActivity4" time="11.145" errors="0" timestamp="2021-07-27T21:17:23 IST" skipped="0">
  <testcase classname="suiteJB.JobBoardActivity4" name="verifySubHeading" time="11.145"/>
  <system-out/>
</testsuite> <!-- suiteJB.JobBoardActivity4 -->
