<?xml version="1.0" encoding="UTF-8"?>
<!-- Generated by org.testng.reporters.JUnitReportReporter -->
<testsuite hostname="DESKTOP-O76PJ26" failures="0" tests="1" name="suiteJB.JobBoardActivity6" time="14.670" errors="0" timestamp="2021-07-30T12:45:28 IST" skipped="0">
  <testcase classname="suiteJB.JobBoardActivity6" name="navigateToJobs" time="14.670"/>
  <system-out/>
</testsuite> <!-- suiteJB.JobBoardActivity6 -->
