<?xml version="1.0" encoding="UTF-8"?>
<!-- Generated by org.testng.reporters.JUnitReportReporter -->
<testsuite hostname="DESKTOP-O76PJ26" failures="0" tests="1" name="suiteJB.JobBoardActivity2" time="13.938" errors="0" timestamp="2021-07-27T21:00:10 IST" skipped="0">
  <testcase classname="suiteJB.JobBoardActivity2" name="verifyWebsiteHeading" time="13.938"/>
  <system-out/>
</testsuite> <!-- suiteJB.JobBoardActivity2 -->
