<?xml version="1.0" encoding="UTF-8"?>
<!-- Generated by org.testng.reporters.JUnitReportReporter -->
<testsuite hostname="DESKTOP-O76PJ26" failures="0" tests="1" name="suiteJB.JobBoardActivity3" time="11.087" errors="0" timestamp="2021-07-27T21:11:27 IST" skipped="0">
  <testcase classname="suiteJB.JobBoardActivity3" name="verifyHeadingUrl" time="11.087"/>
  <system-out/>
</testsuite> <!-- suiteJB.JobBoardActivity3 -->
